SF:lib/user.dart
DA:6,1
DA:8,1
DA:9,3
LF:3
LH:3
end_of_record
SF:lib/trendingNewsExample/apiHelper.dart
DA:8,1
DA:10,2
DA:12,2
DA:13,4
DA:15,1
LF:5
LH:5
end_of_record
SF:lib/trendingNewsExample/article.dart
DA:6,1
DA:8,1
DA:10,1
DA:12,4
DA:14,1
DA:25,1
DA:27,0
DA:29,0
DA:32,1
DA:33,4
LF:10
LH:8
end_of_record
SF:lib/addProductsExample/product_control.dart
DA:7,1
DA:9,1
DA:11,1
DA:12,1
DA:13,2
DA:14,1
DA:15,1
DA:17,1
LF:8
LH:8
end_of_record
SF:lib/addProductsExample/product_manager.dart
DA:8,1
DA:10,1
DA:12,1
DA:19,1
DA:21,4
DA:22,1
DA:25,1
DA:26,2
DA:27,2
DA:31,1
DA:33,1
DA:34,1
DA:35,2
DA:37,1
DA:38,1
DA:39,1
DA:40,1
DA:41,1
DA:42,2
DA:43,2
LF:20
LH:20
end_of_record
SF:lib/addProductsExample/products.dart
DA:6,1
DA:8,1
DA:10,1
DA:11,1
DA:12,1
DA:13,2
DA:14,1
DA:15,1
DA:16,1
DA:17,1
DA:22,1
LF:11
LH:11
end_of_record
SF:lib/exampleList.dart
DA:11,1
DA:14,1
DA:15,2
DA:17,2
DA:18,1
DA:19,1
DA:20,3
DA:21,1
DA:22,3
DA:23,0
DA:24,0
DA:32,0
DA:34,0
DA:36,0
DA:38,0
DA:39,0
DA:43,0
DA:45,0
DA:47,0
DA:48,0
LF:20
LH:9
end_of_record
SF:lib/trendingNewsExample/trendingNews.dart
DA:8,0
DA:10,0
DA:17,0
DA:19,0
DA:20,0
DA:21,0
DA:24,0
DA:26,0
DA:27,0
DA:28,0
DA:30,0
DA:31,0
DA:32,0
DA:34,0
DA:35,0
DA:36,0
DA:42,0
DA:43,0
DA:44,0
DA:45,0
DA:47,0
DA:48,0
DA:49,0
DA:50,0
DA:51,0
DA:52,0
DA:53,0
DA:55,0
DA:56,0
LF:29
LH:0
end_of_record
SF:lib/main.dart
DA:4,0
DA:7,1
DA:9,1
DA:10,1
DA:14,1
DA:15,1
DA:16,2
DA:18,1
LF:8
LH:7
end_of_record
SF:lib/trendingNewsExample/newsDetail.dart
DA:7,0
DA:9,0
DA:11,0
DA:12,0
DA:13,0
DA:15,0
DA:16,0
DA:18,0
DA:20,0
DA:22,0
DA:24,0
DA:26,0
LF:12
LH:0
end_of_record
